Arguments: 
  /Users/stephenhukish/.nvm/versions/node/v6.10.2/bin/node /usr/local/bin/yarn install

PATH: 
  /opt/apache-maven-3.3.9/bin:/Users/stephenhukish/.nvm/versions/node/v6.10.2/bin:/usr/bin:/usr/local/bin:/bin:/usr/sbin:/sbin:/opt/apache-maven-3.2.5/bin:~/.webdrivers/chromedriver:/Library/Frameworks/Python.framework/Versions/3.5/bin:/usr/local/bin:/usr/bin:/bin:/usr/sbin:/sbin:/opt/apache-maven-3.3.9/bin:/opt/apache-maven-3.2.5/bin:~/.webdrivers/chromedriver:/Library/Frameworks/Python.framework/Versions/3.5/bin

Yarn version: 
  0.23.4

Node version: 
  6.10.2

Platform: 
  darwin x64

npm manifest: 
  {
    "dependencies": {
      "prop-types": "^15.5.8",
      "react": "^15.5.4",
      "react-dom": "^15.5.4"
    },
    "devDependencies": {
      "react-scripts": "0.9.5"
    },
    "scripts": {
      "start": "react-scripts start",
      "build": "react-scripts build",
      "test": "react-scripts test --env=jsdom",
      "eject": "react-scripts eject"
    }
  }

yarn manifest: 
  No manifest

Lockfile: 
  No lockfile

Trace: 
  Error: getaddrinfo ENOTFOUND af.cds.bns af.cds.bns:80
      at errnoException (dns.js:28:10)
      at GetAddrInfoReqWrap.onlookup [as oncomplete] (dns.js:76:26)
